Sun Dec 03 06:10:22 EET 2017
C:\Users\mar2h\.m2\repository\com\jcabi\jcabi-aspects\0.22.6\jcabi-aspects-0.22.6.jar!com\jcabi\aspects\aj\ImmutabilityChecker.class [warning] can not build thisJoinPoint lazily for this advice since it has no suitable guard [Xlint:noGuardForLazyTjp]
	
C:\Users\mar2h\.m2\repository\com\jcabi\jcabi-aspects\0.22.6\jcabi-aspects-0.22.6.jar!com\jcabi\aspects\aj\MethodCacher.class [warning] can not build thisJoinPoint lazily for this advice since it has no suitable guard [Xlint:noGuardForLazyTjp]
	
C:\Users\mar2h\.m2\repository\com\jcabi\jcabi-aspects\0.22.6\jcabi-aspects-0.22.6.jar!com\jcabi\aspects\aj\MethodCacher.class [warning] can not build thisJoinPoint lazily for this advice since it has no suitable guard [Xlint:noGuardForLazyTjp]
	
C:\Users\mar2h\.m2\repository\com\jcabi\jcabi-aspects\0.22.6\jcabi-aspects-0.22.6.jar!com\jcabi\aspects\aj\MethodScheduler.class [warning] can not build thisJoinPoint lazily for this advice since it has no suitable guard [Xlint:noGuardForLazyTjp]
	
C:\Users\mar2h\.m2\repository\com\jcabi\jcabi-aspects\0.22.6\jcabi-aspects-0.22.6.jar!com\jcabi\aspects\aj\MethodScheduler.class [warning] can not build thisJoinPoint lazily for this advice since it has no suitable guard [Xlint:noGuardForLazyTjp]
	
C:\Users\mar2h\.m2\repository\com\jcabi\jcabi-aspects\0.22.6\jcabi-aspects-0.22.6.jar!com\jcabi\aspects\aj\MethodValidator.class [warning] can not build thisJoinPoint lazily for this advice since it has no suitable guard [Xlint:noGuardForLazyTjp]
	
C:\Users\mar2h\.m2\repository\com\jcabi\jcabi-aspects\0.22.6\jcabi-aspects-0.22.6.jar!com\jcabi\aspects\aj\MethodValidator.class [warning] can not build thisJoinPoint lazily for this advice since it has no suitable guard [Xlint:noGuardForLazyTjp]
	
C:\Users\mar2h\.m2\repository\com\jcabi\jcabi-aspects\0.22.6\jcabi-aspects-0.22.6.jar!com\jcabi\aspects\aj\MethodValidator.class [warning] can not build thisJoinPoint lazily for this advice since it has no suitable guard [Xlint:noGuardForLazyTjp]
	
C:\Users\mar2h\.m2\repository\com\jcabi\jcabi-aspects\0.22.6\jcabi-aspects-0.22.6.jar!com\jcabi\aspects\aj\ImmutabilityChecker.class [warning] can not build thisJoinPoint lazily for this advice since it has no suitable guard [Xlint:noGuardForLazyTjp]
	
C:\Users\mar2h\.m2\repository\com\jcabi\jcabi-aspects\0.22.6\jcabi-aspects-0.22.6.jar!com\jcabi\aspects\aj\MethodCacher.class [warning] can not build thisJoinPoint lazily for this advice since it has no suitable guard [Xlint:noGuardForLazyTjp]
	
C:\Users\mar2h\.m2\repository\com\jcabi\jcabi-aspects\0.22.6\jcabi-aspects-0.22.6.jar!com\jcabi\aspects\aj\MethodCacher.class [warning] can not build thisJoinPoint lazily for this advice since it has no suitable guard [Xlint:noGuardForLazyTjp]
	
C:\Users\mar2h\.m2\repository\com\jcabi\jcabi-aspects\0.22.6\jcabi-aspects-0.22.6.jar!com\jcabi\aspects\aj\MethodScheduler.class [warning] can not build thisJoinPoint lazily for this advice since it has no suitable guard [Xlint:noGuardForLazyTjp]
	
C:\Users\mar2h\.m2\repository\com\jcabi\jcabi-aspects\0.22.6\jcabi-aspects-0.22.6.jar!com\jcabi\aspects\aj\MethodScheduler.class [warning] can not build thisJoinPoint lazily for this advice since it has no suitable guard [Xlint:noGuardForLazyTjp]
	
C:\Users\mar2h\.m2\repository\com\jcabi\jcabi-aspects\0.22.6\jcabi-aspects-0.22.6.jar!com\jcabi\aspects\aj\MethodValidator.class [warning] can not build thisJoinPoint lazily for this advice since it has no suitable guard [Xlint:noGuardForLazyTjp]
	
C:\Users\mar2h\.m2\repository\com\jcabi\jcabi-aspects\0.22.6\jcabi-aspects-0.22.6.jar!com\jcabi\aspects\aj\MethodValidator.class [warning] can not build thisJoinPoint lazily for this advice since it has no suitable guard [Xlint:noGuardForLazyTjp]
	
C:\Users\mar2h\.m2\repository\com\jcabi\jcabi-aspects\0.22.6\jcabi-aspects-0.22.6.jar!com\jcabi\aspects\aj\MethodValidator.class [warning] can not build thisJoinPoint lazily for this advice since it has no suitable guard [Xlint:noGuardForLazyTjp]
	
eg\edu\alexu\csd\oop\jdbc\cs49\StatementImpl.java:31 [warning] can not implement lazyTjp on this joinpoint method-execution(java.sql.ResultSet eg.edu.alexu.csd.oop.jdbc.cs49.StatementImpl.executeQuery(java.lang.String)) because around advice is used [Xlint:canNotImplementLazyTjp]
	
	see also: C:\Users\mar2h\.m2\repository\com\jcabi\jcabi-aspects\0.22.6\jcabi-aspects-0.22.6.jar!com\jcabi\aspects\aj\MethodLogger.class::0
Join point 'method-execution(java.sql.ResultSet eg.edu.alexu.csd.oop.jdbc.cs49.StatementImpl.executeQuery(java.lang.String))' in Type 'eg.edu.alexu.csd.oop.jdbc.cs49.StatementImpl' (StatementImpl.java:31) advised by around advice from 'com.jcabi.aspects.aj.MethodLogger' (jcabi-aspects-0.22.6.jar!MethodLogger.class(from MethodLogger.java))
	
eg\edu\alexu\csd\oop\jdbc\cs49\StatementImpl.java:38 [warning] can not implement lazyTjp on this joinpoint method-execution(int eg.edu.alexu.csd.oop.jdbc.cs49.StatementImpl.executeUpdate(java.lang.String)) because around advice is used [Xlint:canNotImplementLazyTjp]
	
	see also: C:\Users\mar2h\.m2\repository\com\jcabi\jcabi-aspects\0.22.6\jcabi-aspects-0.22.6.jar!com\jcabi\aspects\aj\MethodLogger.class::0
Join point 'method-execution(int eg.edu.alexu.csd.oop.jdbc.cs49.StatementImpl.executeUpdate(java.lang.String))' in Type 'eg.edu.alexu.csd.oop.jdbc.cs49.StatementImpl' (StatementImpl.java:38) advised by around advice from 'com.jcabi.aspects.aj.MethodLogger' (jcabi-aspects-0.22.6.jar!MethodLogger.class(from MethodLogger.java))
	
eg\edu\alexu\csd\oop\jdbc\cs49\StatementImpl.java:44 [warning] can not implement lazyTjp on this joinpoint method-execution(void eg.edu.alexu.csd.oop.jdbc.cs49.StatementImpl.close()) because around advice is used [Xlint:canNotImplementLazyTjp]
	
	see also: C:\Users\mar2h\.m2\repository\com\jcabi\jcabi-aspects\0.22.6\jcabi-aspects-0.22.6.jar!com\jcabi\aspects\aj\MethodLogger.class::0
Join point 'method-execution(void eg.edu.alexu.csd.oop.jdbc.cs49.StatementImpl.close())' in Type 'eg.edu.alexu.csd.oop.jdbc.cs49.StatementImpl' (StatementImpl.java:44) advised by around advice from 'com.jcabi.aspects.aj.MethodLogger' (jcabi-aspects-0.22.6.jar!MethodLogger.class(from MethodLogger.java))
	
eg\edu\alexu\csd\oop\jdbc\cs49\StatementImpl.java:64 [warning] can not implement lazyTjp on this joinpoint method-execution(boolean eg.edu.alexu.csd.oop.jdbc.cs49.StatementImpl.execute(java.lang.String)) because around advice is used [Xlint:canNotImplementLazyTjp]
	
	see also: C:\Users\mar2h\.m2\repository\com\jcabi\jcabi-aspects\0.22.6\jcabi-aspects-0.22.6.jar!com\jcabi\aspects\aj\MethodLogger.class::0
Join point 'method-execution(boolean eg.edu.alexu.csd.oop.jdbc.cs49.StatementImpl.execute(java.lang.String))' in Type 'eg.edu.alexu.csd.oop.jdbc.cs49.StatementImpl' (StatementImpl.java:64) advised by around advice from 'com.jcabi.aspects.aj.MethodLogger' (jcabi-aspects-0.22.6.jar!MethodLogger.class(from MethodLogger.java))
	
eg\edu\alexu\csd\oop\jdbc\cs49\StatementImpl.java:72 [warning] can not implement lazyTjp on this joinpoint method-execution(void eg.edu.alexu.csd.oop.jdbc.cs49.StatementImpl.addBatch(java.lang.String)) because around advice is used [Xlint:canNotImplementLazyTjp]
	
	see also: C:\Users\mar2h\.m2\repository\com\jcabi\jcabi-aspects\0.22.6\jcabi-aspects-0.22.6.jar!com\jcabi\aspects\aj\MethodLogger.class::0
Join point 'method-execution(void eg.edu.alexu.csd.oop.jdbc.cs49.StatementImpl.addBatch(java.lang.String))' in Type 'eg.edu.alexu.csd.oop.jdbc.cs49.StatementImpl' (StatementImpl.java:72) advised by around advice from 'com.jcabi.aspects.aj.MethodLogger' (jcabi-aspects-0.22.6.jar!MethodLogger.class(from MethodLogger.java))
	
eg\edu\alexu\csd\oop\jdbc\cs49\StatementImpl.java:78 [warning] can not implement lazyTjp on this joinpoint method-execution(void eg.edu.alexu.csd.oop.jdbc.cs49.StatementImpl.clearBatch()) because around advice is used [Xlint:canNotImplementLazyTjp]
	
	see also: C:\Users\mar2h\.m2\repository\com\jcabi\jcabi-aspects\0.22.6\jcabi-aspects-0.22.6.jar!com\jcabi\aspects\aj\MethodLogger.class::0
Join point 'method-execution(void eg.edu.alexu.csd.oop.jdbc.cs49.StatementImpl.clearBatch())' in Type 'eg.edu.alexu.csd.oop.jdbc.cs49.StatementImpl' (StatementImpl.java:78) advised by around advice from 'com.jcabi.aspects.aj.MethodLogger' (jcabi-aspects-0.22.6.jar!MethodLogger.class(from MethodLogger.java))
	
eg\edu\alexu\csd\oop\jdbc\cs49\StatementImpl.java:84 [warning] can not implement lazyTjp on this joinpoint method-execution(int[] eg.edu.alexu.csd.oop.jdbc.cs49.StatementImpl.executeBatch()) because around advice is used [Xlint:canNotImplementLazyTjp]
	
	see also: C:\Users\mar2h\.m2\repository\com\jcabi\jcabi-aspects\0.22.6\jcabi-aspects-0.22.6.jar!com\jcabi\aspects\aj\MethodLogger.class::0
Join point 'method-execution(int[] eg.edu.alexu.csd.oop.jdbc.cs49.StatementImpl.executeBatch())' in Type 'eg.edu.alexu.csd.oop.jdbc.cs49.StatementImpl' (StatementImpl.java:84) advised by around advice from 'com.jcabi.aspects.aj.MethodLogger' (jcabi-aspects-0.22.6.jar!MethodLogger.class(from MethodLogger.java))
	
eg\edu\alexu\csd\oop\jdbc\cs49\DriverImpl.java:19 [warning] can not implement lazyTjp on this joinpoint method-execution(java.sql.Connection eg.edu.alexu.csd.oop.jdbc.cs49.DriverImpl.connect(java.lang.String, java.util.Properties)) because around advice is used [Xlint:canNotImplementLazyTjp]
	
	see also: C:\Users\mar2h\.m2\repository\com\jcabi\jcabi-aspects\0.22.6\jcabi-aspects-0.22.6.jar!com\jcabi\aspects\aj\MethodLogger.class::0
Join point 'method-execution(java.sql.Connection eg.edu.alexu.csd.oop.jdbc.cs49.DriverImpl.connect(java.lang.String, java.util.Properties))' in Type 'eg.edu.alexu.csd.oop.jdbc.cs49.DriverImpl' (DriverImpl.java:19) advised by around advice from 'com.jcabi.aspects.aj.MethodLogger' (jcabi-aspects-0.22.6.jar!MethodLogger.class(from MethodLogger.java))
	
C:\Users\mar2h\.m2\repository\com\jcabi\jcabi-aspects\0.22.6\jcabi-aspects-0.22.6.jar!com\jcabi\aspects\aj\MethodLogger.class [warning] advice defined in com.jcabi.aspects.aj.MethodLogger has not been applied [Xlint:adviceDidNotMatch]
	
C:\Users\mar2h\.m2\repository\com\jcabi\jcabi-aspects\0.22.6\jcabi-aspects-0.22.6.jar!com\jcabi\aspects\aj\ImmutabilityChecker.class [warning] advice defined in com.jcabi.aspects.aj.ImmutabilityChecker has not been applied [Xlint:adviceDidNotMatch]
	
C:\Users\mar2h\.m2\repository\com\jcabi\jcabi-aspects\0.22.6\jcabi-aspects-0.22.6.jar!com\jcabi\aspects\aj\MethodScheduler.class [warning] advice defined in com.jcabi.aspects.aj.MethodScheduler has not been applied [Xlint:adviceDidNotMatch]
	
C:\Users\mar2h\.m2\repository\com\jcabi\jcabi-aspects\0.22.6\jcabi-aspects-0.22.6.jar!com\jcabi\aspects\aj\ExceptionsLogger.class [warning] advice defined in com.jcabi.aspects.aj.ExceptionsLogger has not been applied [Xlint:adviceDidNotMatch]
	
C:\Users\mar2h\.m2\repository\com\jcabi\jcabi-aspects\0.22.6\jcabi-aspects-0.22.6.jar!com\jcabi\aspects\aj\Repeater.class [warning] advice defined in com.jcabi.aspects.aj.Repeater has not been applied [Xlint:adviceDidNotMatch]
	
C:\Users\mar2h\.m2\repository\com\jcabi\jcabi-aspects\0.22.6\jcabi-aspects-0.22.6.jar!com\jcabi\aspects\aj\MethodValidator.class [warning] advice defined in com.jcabi.aspects.aj.MethodValidator has not been applied [Xlint:adviceDidNotMatch]
	
C:\Users\mar2h\.m2\repository\com\jcabi\jcabi-aspects\0.22.6\jcabi-aspects-0.22.6.jar!com\jcabi\aspects\aj\SingleException.class [warning] advice defined in com.jcabi.aspects.aj.SingleException has not been applied [Xlint:adviceDidNotMatch]
	
C:\Users\mar2h\.m2\repository\com\jcabi\jcabi-aspects\0.22.6\jcabi-aspects-0.22.6.jar!com\jcabi\aspects\aj\MethodInterrupter.class [warning] advice defined in com.jcabi.aspects.aj.MethodInterrupter has not been applied [Xlint:adviceDidNotMatch]
	
C:\Users\mar2h\.m2\repository\com\jcabi\jcabi-aspects\0.22.6\jcabi-aspects-0.22.6.jar!com\jcabi\aspects\aj\QuietExceptionsLogger.class [warning] advice defined in com.jcabi.aspects.aj.QuietExceptionsLogger has not been applied [Xlint:adviceDidNotMatch]
	
C:\Users\mar2h\.m2\repository\com\jcabi\jcabi-aspects\0.22.6\jcabi-aspects-0.22.6.jar!com\jcabi\aspects\aj\Parallelizer.class [warning] advice defined in com.jcabi.aspects.aj.Parallelizer has not been applied [Xlint:adviceDidNotMatch]
	
C:\Users\mar2h\.m2\repository\com\jcabi\jcabi-aspects\0.22.6\jcabi-aspects-0.22.6.jar!com\jcabi\aspects\aj\MethodAsyncRunner.class [warning] advice defined in com.jcabi.aspects.aj.MethodAsyncRunner has not been applied [Xlint:adviceDidNotMatch]
	
C:\Users\mar2h\.m2\repository\com\jcabi\jcabi-aspects\0.22.6\jcabi-aspects-0.22.6.jar!com\jcabi\aspects\aj\MethodCacher.class [warning] advice defined in com.jcabi.aspects.aj.MethodCacher has not been applied [Xlint:adviceDidNotMatch]
	
